2025-06-05 16:21:00 | DEBUG | repo=auction | action=commit
2025-08-01 09:02:00 | DEBUG | repo=auction | action=commit
2025-08-06 12:22:00 | INFO | repo=auction | action=commit
2025-08-20 20:30:00 | INFO | repo=auction | action=commit
2025-04-04 11:17:00 | WARN | repo=auction | action=commit
2025-02-26 21:50:00 | DEBUG | repo=auction | action=commit
2025-10-01 16:12:00 | DEBUG | repo=auction | action=commit
2025-09-04 11:10:00 | DEBUG | repo=auction | action=commit
2025-05-09 18:26:00 | INFO | repo=auction | action=commit
2025-09-04 19:30:00 | INFO | repo=auction | action=test | passed=true
2025-05-10 08:23:00 | WARN | repo=auction | action=commit
2025-02-26 18:54:00 | INFO | repo=auction | action=commit
2025-03-16 15:02:00 | WARN | repo=auction | action=pull
2025-11-27 07:39:00 | DEBUG | repo=auction | action=commit
2025-08-02 21:36:00 | DEBUG | repo=auction | action=commit
2025-06-06 21:31:00 | DEBUG | repo=auction | action=commit
2025-11-25 14:12:00 | DEBUG | repo=auction | action=commit
2025-11-04 09:11:00 | WARN | repo=auction | action=commit
2025-07-25 07:18:00 | INFO | repo=auction | action=commit
2025-11-17 11:34:00 | WARN | repo=auction | action=commit
2025-03-17 07:05:00 | DEBUG | repo=auction | action=edit | files=1
2025-04-15 14:35:00 | INFO | repo=auction | action=commit
2025-03-11 08:14:00 | DEBUG | repo=auction | action=commit
2025-10-15 10:59:00 | WARN | repo=auction | action=commit
2025-06-21 16:43:00 | INFO | repo=auction | action=commit
2025-05-07 17:55:00 | WARN | repo=auction | action=commit
2025-11-10 11:25:00 | DEBUG | repo=auction | action=commit
2025-09-07 19:43:00 | WARN | repo=auction | action=commit
2025-04-20 19:18:00 | WARN | repo=auction | action=edit | files=1
2025-02-14 15:39:00 | WARN | repo=auction | action=commit
2025-04-16 21:03:00 | DEBUG | repo=auction | action=commit
2025-07-02 11:31:00 | INFO | repo=auction | action=commit
2025-10-28 13:41:00 | DEBUG | repo=auction | action=test | passed=true
2025-10-19 07:44:00 | DEBUG | repo=auction | action=commit
2025-12-27 21:26:00 | DEBUG | repo=auction | action=test | passed=true
2025-03-10 14:43:00 | INFO | repo=auction | action=commit
2025-07-20 21:58:00 | INFO | repo=auction | action=edit | files=1
2025-03-08 11:09:00 | WARN | repo=auction | action=commit
2025-05-18 14:20:00 | DEBUG | repo=auction | action=commit
2025-06-19 14:00:00 | DEBUG | repo=auction | action=pull
2025-12-26 18:15:00 | WARN | repo=auction | action=commit
2025-09-04 15:05:00 | INFO | repo=auction | action=commit
2025-04-15 18:44:00 | WARN | repo=auction | action=commit
2025-07-03 08:27:00 | DEBUG | repo=auction | action=commit
2025-12-15 16:10:00 | INFO | repo=auction | action=test | passed=true
2025-04-05 21:30:00 | INFO | repo=auction | action=edit | files=5
2025-11-15 18:58:00 | INFO | repo=auction | action=commit
2025-07-02 20:21:00 | DEBUG | repo=auction | action=commit
2025-02-18 19:54:00 | WARN | repo=auction | action=edit | files=2
2025-09-10 09:00:00 | INFO | repo=auction | action=edit | files=2
2025-02-16 20:42:00 | WARN | repo=auction | action=commit
2025-03-26 15:34:00 | INFO | repo=auction | action=edit | files=3
2025-03-03 18:21:00 | INFO | repo=auction | action=commit
2025-12-12 07:35:00 | WARN | repo=auction | action=commit
